<?xml version="1.0" encoding="UTF-8"?>
<coverage generated="1689869163955" clover="3.2.0">
  <project timestamp="1689869163955" name="All files">
    <metrics statements="59" coveredstatements="14" conditionals="16" coveredconditionals="4" methods="17" coveredmethods="7" elements="92" coveredelements="25" complexity="0" loc="59" ncloc="59" packages="1" files="1" classes="1"/>
    <file name="utils.js" path="C:\Users\luise\Documents\GitHub\SECOND MODULE MICROVERSE\WEEK3\To-do-list-webpack\src\utils.js">
      <metrics statements="59" coveredstatements="14" conditionals="16" coveredconditionals="4" methods="17" coveredmethods="7"/>
      <line num="2" count="5" type="stmt"/>
      <line num="6" count="0" type="stmt"/>
      <line num="7" count="0" type="stmt"/>
      <line num="8" count="0" type="stmt"/>
      <line num="9" count="0" type="stmt"/>
      <line num="10" count="0" type="stmt"/>
      <line num="11" count="0" type="stmt"/>
      <line num="12" count="0" type="stmt"/>
      <line num="13" count="0" type="cond" truecount="0" falsecount="2"/>
      <line num="14" count="0" type="stmt"/>
      <line num="15" count="0" type="stmt"/>
      <line num="17" count="0" type="stmt"/>
      <line num="18" count="0" type="stmt"/>
      <line num="19" count="0" type="stmt"/>
      <line num="20" count="0" type="cond" truecount="0" falsecount="2"/>
      <line num="21" count="0" type="stmt"/>
      <line num="23" count="0" type="stmt"/>
      <line num="24" count="0" type="stmt"/>
      <line num="25" count="0" type="stmt"/>
      <line num="26" count="0" type="stmt"/>
      <line num="27" count="0" type="stmt"/>
      <line num="28" count="0" type="stmt"/>
      <line num="29" count="0" type="stmt"/>
      <line num="30" count="0" type="stmt"/>
      <line num="31" count="0" type="stmt"/>
      <line num="32" count="0" type="stmt"/>
      <line num="33" count="0" type="stmt"/>
      <line num="34" count="0" type="stmt"/>
      <line num="39" count="0" type="stmt"/>
      <line num="45" count="0" type="stmt"/>
      <line num="46" count="0" type="stmt"/>
      <line num="50" count="0" type="stmt"/>
      <line num="51" count="0" type="stmt"/>
      <line num="52" count="0" type="stmt"/>
      <line num="56" count="3" type="stmt"/>
      <line num="57" count="1" type="stmt"/>
      <line num="58" count="1" type="stmt"/>
      <line num="62" count="3" type="stmt"/>
      <line num="63" count="9" type="cond" truecount="2" falsecount="0"/>
      <line num="64" count="2" type="stmt"/>
      <line num="67" count="3" type="stmt"/>
      <line num="68" count="3" type="stmt"/>
      <line num="72" count="5" type="stmt"/>
      <line num="73" count="2" type="cond" truecount="2" falsecount="0"/>
      <line num="74" count="1" type="stmt"/>
      <line num="75" count="1" type="stmt"/>
      <line num="77" count="2" type="stmt"/>
      <line num="81" count="0" type="stmt"/>
      <line num="82" count="0" type="cond" truecount="0" falsecount="4"/>
      <line num="83" count="0" type="stmt"/>
      <line num="84" count="0" type="stmt"/>
      <line num="85" count="0" type="stmt"/>
      <line num="87" count="0" type="stmt"/>
      <line num="91" count="0" type="stmt"/>
      <line num="92" count="0" type="cond" truecount="0" falsecount="4"/>
      <line num="93" count="0" type="stmt"/>
      <line num="94" count="0" type="stmt"/>
      <line num="95" count="0" type="stmt"/>
      <line num="97" count="0" type="stmt"/>
    </file>
  </project>
</coverage>
