{"C:\\Users\\luise\\Documents\\GitHub\\SECOND MODULE MICROVERSE\\WEEK3\\To-do-list-webpack\\src\\utils.js": {"path":"C:\\Users\\luise\\Documents\\GitHub\\SECOND MODULE MICROVERSE\\WEEK3\\To-do-list-webpack\\src\\utils.js","statementMap":{"0":{"start":{"line":2,"column":2},"end":{"line":2,"column":57}},"1":{"start":{"line":6,"column":2},"end":{"line":6,"column":27}},"2":{"start":{"line":7,"column":2},"end":{"line":35,"column":5}},"3":{"start":{"line":8,"column":21},"end":{"line":8,"column":49}},"4":{"start":{"line":9,"column":4},"end":{"line":9,"column":42}},"5":{"start":{"line":10,"column":4},"end":{"line":10,"column":38}},"6":{"start":{"line":11,"column":21},"end":{"line":11,"column":50}},"7":{"start":{"line":12,"column":4},"end":{"line":12,"column":40}},"8":{"start":{"line":13,"column":4},"end":{"line":16,"column":5}},"9":{"start":{"line":14,"column":6},"end":{"line":14,"column":42}},"10":{"start":{"line":15,"column":6},"end":{"line":15,"column":33}},"11":{"start":{"line":17,"column":28},"end":{"line":17,"column":57}},"12":{"start":{"line":18,"column":4},"end":{"line":18,"column":54}},"13":{"start":{"line":19,"column":4},"end":{"line":19,"column":51}},"14":{"start":{"line":20,"column":4},"end":{"line":22,"column":5}},"15":{"start":{"line":21,"column":6},"end":{"line":21,"column":52}},"16":{"start":{"line":23,"column":21},"end":{"line":23,"column":50}},"17":{"start":{"line":24,"column":4},"end":{"line":24,"column":40}},"18":{"start":{"line":25,"column":4},"end":{"line":25,"column":28}},"19":{"start":{"line":26,"column":30},"end":{"line":26,"column":59}},"20":{"start":{"line":27,"column":4},"end":{"line":27,"column":51}},"21":{"start":{"line":28,"column":4},"end":{"line":28,"column":39}},"22":{"start":{"line":29,"column":4},"end":{"line":29,"column":82}},"23":{"start":{"line":29,"column":54},"end":{"line":29,"column":80}},"24":{"start":{"line":30,"column":4},"end":{"line":30,"column":35}},"25":{"start":{"line":31,"column":4},"end":{"line":31,"column":42}},"26":{"start":{"line":32,"column":4},"end":{"line":32,"column":35}},"27":{"start":{"line":33,"column":4},"end":{"line":33,"column":44}},"28":{"start":{"line":34,"column":4},"end":{"line":34,"column":36}},"29":{"start":{"line":39,"column":18},"end":{"line":44,"column":3}},"30":{"start":{"line":45,"column":2},"end":{"line":45,"column":21}},"31":{"start":{"line":46,"column":2},"end":{"line":46,"column":27}},"32":{"start":{"line":50,"column":22},"end":{"line":50,"column":63}},"33":{"start":{"line":50,"column":44},"end":{"line":50,"column":62}},"34":{"start":{"line":51,"column":2},"end":{"line":51,"column":34}},"35":{"start":{"line":52,"column":2},"end":{"line":52,"column":21}},"36":{"start":{"line":56,"column":22},"end":{"line":56,"column":60}},"37":{"start":{"line":56,"column":44},"end":{"line":56,"column":59}},"38":{"start":{"line":57,"column":2},"end":{"line":57,"column":34}},"39":{"start":{"line":58,"column":2},"end":{"line":58,"column":21}},"40":{"start":{"line":62,"column":2},"end":{"line":66,"column":5}},"41":{"start":{"line":63,"column":4},"end":{"line":65,"column":5}},"42":{"start":{"line":64,"column":6},"end":{"line":64,"column":33}},"43":{"start":{"line":67,"column":2},"end":{"line":67,"column":27}},"44":{"start":{"line":68,"column":2},"end":{"line":68,"column":14}},"45":{"start":{"line":72,"column":20},"end":{"line":72,"column":64}},"46":{"start":{"line":72,"column":45},"end":{"line":72,"column":63}},"47":{"start":{"line":73,"column":2},"end":{"line":76,"column":3}},"48":{"start":{"line":74,"column":4},"end":{"line":74,"column":49}},"49":{"start":{"line":75,"column":4},"end":{"line":75,"column":29}},"50":{"start":{"line":77,"column":2},"end":{"line":77,"column":14}},"51":{"start":{"line":81,"column":20},"end":{"line":81,"column":64}},"52":{"start":{"line":81,"column":45},"end":{"line":81,"column":63}},"53":{"start":{"line":82,"column":2},"end":{"line":86,"column":3}},"54":{"start":{"line":83,"column":23},"end":{"line":83,"column":51}},"55":{"start":{"line":84,"column":4},"end":{"line":84,"column":29}},"56":{"start":{"line":85,"column":4},"end":{"line":85,"column":29}},"57":{"start":{"line":87,"column":2},"end":{"line":87,"column":14}},"58":{"start":{"line":91,"column":20},"end":{"line":91,"column":64}},"59":{"start":{"line":91,"column":45},"end":{"line":91,"column":63}},"60":{"start":{"line":92,"column":2},"end":{"line":96,"column":3}},"61":{"start":{"line":93,"column":23},"end":{"line":93,"column":51}},"62":{"start":{"line":94,"column":4},"end":{"line":94,"column":26}},"63":{"start":{"line":95,"column":4},"end":{"line":95,"column":29}},"64":{"start":{"line":97,"column":2},"end":{"line":97,"column":14}}},"fnMap":{"0":{"name":"saveToLocalStorage","decl":{"start":{"line":1,"column":16},"end":{"line":1,"column":34}},"loc":{"start":{"line":1,"column":41},"end":{"line":3,"column":1}},"line":1},"1":{"name":"renderList","decl":{"start":{"line":5,"column":16},"end":{"line":5,"column":26}},"loc":{"start":{"line":5,"column":85},"end":{"line":36,"column":1}},"line":5},"2":{"name":"(anonymous_2)","decl":{"start":{"line":7,"column":15},"end":{"line":7,"column":16}},"loc":{"start":{"line":7,"column":25},"end":{"line":35,"column":3}},"line":7},"3":{"name":"(anonymous_3)","decl":{"start":{"line":29,"column":48},"end":{"line":29,"column":49}},"loc":{"start":{"line":29,"column":54},"end":{"line":29,"column":80}},"line":29},"4":{"name":"addTask","decl":{"start":{"line":38,"column":16},"end":{"line":38,"column":23}},"loc":{"start":{"line":38,"column":43},"end":{"line":47,"column":1}},"line":38},"5":{"name":"deleteTask","decl":{"start":{"line":49,"column":16},"end":{"line":49,"column":26}},"loc":{"start":{"line":49,"column":41},"end":{"line":53,"column":1}},"line":49},"6":{"name":"(anonymous_6)","decl":{"start":{"line":50,"column":34},"end":{"line":50,"column":35}},"loc":{"start":{"line":50,"column":44},"end":{"line":50,"column":62}},"line":50},"7":{"name":"clearCompletedTasks","decl":{"start":{"line":55,"column":16},"end":{"line":55,"column":35}},"loc":{"start":{"line":55,"column":42},"end":{"line":59,"column":1}},"line":55},"8":{"name":"(anonymous_8)","decl":{"start":{"line":56,"column":34},"end":{"line":56,"column":35}},"loc":{"start":{"line":56,"column":44},"end":{"line":56,"column":59}},"line":56},"9":{"name":"updateTaskStatus","decl":{"start":{"line":61,"column":16},"end":{"line":61,"column":32}},"loc":{"start":{"line":61,"column":58},"end":{"line":69,"column":1}},"line":61},"10":{"name":"(anonymous_10)","decl":{"start":{"line":62,"column":15},"end":{"line":62,"column":16}},"loc":{"start":{"line":62,"column":25},"end":{"line":66,"column":3}},"line":62},"11":{"name":"updateTaskDescription","decl":{"start":{"line":71,"column":16},"end":{"line":71,"column":37}},"loc":{"start":{"line":71,"column":68},"end":{"line":78,"column":1}},"line":71},"12":{"name":"(anonymous_12)","decl":{"start":{"line":72,"column":35},"end":{"line":72,"column":36}},"loc":{"start":{"line":72,"column":45},"end":{"line":72,"column":63}},"line":72},"13":{"name":"moveTaskToTop","decl":{"start":{"line":80,"column":16},"end":{"line":80,"column":29}},"loc":{"start":{"line":80,"column":44},"end":{"line":88,"column":1}},"line":80},"14":{"name":"(anonymous_14)","decl":{"start":{"line":81,"column":35},"end":{"line":81,"column":36}},"loc":{"start":{"line":81,"column":45},"end":{"line":81,"column":63}},"line":81},"15":{"name":"moveTaskToBottom","decl":{"start":{"line":90,"column":16},"end":{"line":90,"column":32}},"loc":{"start":{"line":90,"column":47},"end":{"line":98,"column":1}},"line":90},"16":{"name":"(anonymous_16)","decl":{"start":{"line":91,"column":35},"end":{"line":91,"column":36}},"loc":{"start":{"line":91,"column":45},"end":{"line":91,"column":63}},"line":91}},"branchMap":{"0":{"loc":{"start":{"line":13,"column":4},"end":{"line":16,"column":5}},"type":"if","locations":[{"start":{"line":13,"column":4},"end":{"line":16,"column":5}},{"start":{},"end":{}}],"line":13},"1":{"loc":{"start":{"line":20,"column":4},"end":{"line":22,"column":5}},"type":"if","locations":[{"start":{"line":20,"column":4},"end":{"line":22,"column":5}},{"start":{},"end":{}}],"line":20},"2":{"loc":{"start":{"line":63,"column":4},"end":{"line":65,"column":5}},"type":"if","locations":[{"start":{"line":63,"column":4},"end":{"line":65,"column":5}},{"start":{},"end":{}}],"line":63},"3":{"loc":{"start":{"line":73,"column":2},"end":{"line":76,"column":3}},"type":"if","locations":[{"start":{"line":73,"column":2},"end":{"line":76,"column":3}},{"start":{},"end":{}}],"line":73},"4":{"loc":{"start":{"line":82,"column":2},"end":{"line":86,"column":3}},"type":"if","locations":[{"start":{"line":82,"column":2},"end":{"line":86,"column":3}},{"start":{},"end":{}}],"line":82},"5":{"loc":{"start":{"line":82,"column":6},"end":{"line":82,"column":41}},"type":"binary-expr","locations":[{"start":{"line":82,"column":6},"end":{"line":82,"column":22}},{"start":{"line":82,"column":26},"end":{"line":82,"column":41}}],"line":82},"6":{"loc":{"start":{"line":92,"column":2},"end":{"line":96,"column":3}},"type":"if","locations":[{"start":{"line":92,"column":2},"end":{"line":96,"column":3}},{"start":{},"end":{}}],"line":92},"7":{"loc":{"start":{"line":92,"column":6},"end":{"line":92,"column":55}},"type":"binary-expr","locations":[{"start":{"line":92,"column":6},"end":{"line":92,"column":22}},{"start":{"line":92,"column":26},"end":{"line":92,"column":55}}],"line":92}},"s":{"0":5,"1":0,"2":0,"3":0,"4":0,"5":0,"6":0,"7":0,"8":0,"9":0,"10":0,"11":0,"12":0,"13":0,"14":0,"15":0,"16":0,"17":0,"18":0,"19":0,"20":0,"21":0,"22":0,"23":0,"24":0,"25":0,"26":0,"27":0,"28":0,"29":0,"30":0,"31":0,"32":0,"33":0,"34":0,"35":0,"36":1,"37":3,"38":1,"39":1,"40":3,"41":9,"42":2,"43":3,"44":3,"45":2,"46":5,"47":2,"48":1,"49":1,"50":2,"51":0,"52":0,"53":0,"54":0,"55":0,"56":0,"57":0,"58":0,"59":0,"60":0,"61":0,"62":0,"63":0,"64":0},"f":{"0":5,"1":0,"2":0,"3":0,"4":0,"5":0,"6":0,"7":1,"8":3,"9":3,"10":9,"11":2,"12":5,"13":0,"14":0,"15":0,"16":0},"b":{"0":[0,0],"1":[0,0],"2":[2,7],"3":[1,1],"4":[0,0],"5":[0,0],"6":[0,0],"7":[0,0]},"_coverageSchema":"1a1c01bbd47fc00a2c39e90264f33305004495a9","hash":"244a9a52cf4c4d2de754a86e24d7fe617a4e6cac"}
}
