{"C:\\Users\\luise\\Documents\\GitHub\\SECOND MODULE MICROVERSE\\WEEK3\\To-do-list-webpack\\src\\utils.js": {"path":"C:\\Users\\luise\\Documents\\GitHub\\SECOND MODULE MICROVERSE\\WEEK3\\To-do-list-webpack\\src\\utils.js","statementMap":{"0":{"start":{"line":2,"column":2},"end":{"line":2,"column":57}},"1":{"start":{"line":5,"column":2},"end":{"line":5,"column":27}},"2":{"start":{"line":6,"column":2},"end":{"line":35,"column":5}},"3":{"start":{"line":7,"column":21},"end":{"line":7,"column":49}},"4":{"start":{"line":8,"column":4},"end":{"line":8,"column":42}},"5":{"start":{"line":9,"column":4},"end":{"line":9,"column":38}},"6":{"start":{"line":10,"column":21},"end":{"line":10,"column":50}},"7":{"start":{"line":11,"column":4},"end":{"line":11,"column":40}},"8":{"start":{"line":12,"column":4},"end":{"line":15,"column":5}},"9":{"start":{"line":13,"column":6},"end":{"line":13,"column":42}},"10":{"start":{"line":14,"column":6},"end":{"line":14,"column":33}},"11":{"start":{"line":16,"column":28},"end":{"line":16,"column":57}},"12":{"start":{"line":17,"column":4},"end":{"line":17,"column":54}},"13":{"start":{"line":18,"column":4},"end":{"line":18,"column":51}},"14":{"start":{"line":19,"column":4},"end":{"line":21,"column":5}},"15":{"start":{"line":20,"column":6},"end":{"line":20,"column":52}},"16":{"start":{"line":22,"column":4},"end":{"line":22,"column":45}},"17":{"start":{"line":23,"column":21},"end":{"line":23,"column":50}},"18":{"start":{"line":24,"column":4},"end":{"line":24,"column":40}},"19":{"start":{"line":25,"column":4},"end":{"line":25,"column":28}},"20":{"start":{"line":26,"column":30},"end":{"line":26,"column":59}},"21":{"start":{"line":27,"column":4},"end":{"line":27,"column":51}},"22":{"start":{"line":28,"column":4},"end":{"line":28,"column":39}},"23":{"start":{"line":29,"column":4},"end":{"line":29,"column":82}},"24":{"start":{"line":29,"column":54},"end":{"line":29,"column":80}},"25":{"start":{"line":30,"column":4},"end":{"line":30,"column":35}},"26":{"start":{"line":31,"column":4},"end":{"line":31,"column":42}},"27":{"start":{"line":32,"column":4},"end":{"line":32,"column":35}},"28":{"start":{"line":33,"column":4},"end":{"line":33,"column":44}},"29":{"start":{"line":34,"column":4},"end":{"line":34,"column":36}},"30":{"start":{"line":38,"column":18},"end":{"line":42,"column":3}},"31":{"start":{"line":43,"column":2},"end":{"line":43,"column":21}},"32":{"start":{"line":44,"column":2},"end":{"line":44,"column":27}},"33":{"start":{"line":45,"column":2},"end":{"line":45,"column":14}},"34":{"start":{"line":48,"column":22},"end":{"line":48,"column":63}},"35":{"start":{"line":48,"column":44},"end":{"line":48,"column":62}},"36":{"start":{"line":49,"column":2},"end":{"line":49,"column":34}},"37":{"start":{"line":50,"column":2},"end":{"line":50,"column":21}},"38":{"start":{"line":53,"column":22},"end":{"line":53,"column":60}},"39":{"start":{"line":53,"column":44},"end":{"line":53,"column":59}},"40":{"start":{"line":54,"column":2},"end":{"line":54,"column":34}},"41":{"start":{"line":55,"column":2},"end":{"line":55,"column":21}},"42":{"start":{"line":58,"column":22},"end":{"line":58,"column":94}},"43":{"start":{"line":58,"column":42},"end":{"line":58,"column":92}},"44":{"start":{"line":59,"column":2},"end":{"line":59,"column":34}},"45":{"start":{"line":60,"column":2},"end":{"line":60,"column":21}},"46":{"start":{"line":64,"column":22},"end":{"line":64,"column":112}},"47":{"start":{"line":64,"column":42},"end":{"line":64,"column":110}},"48":{"start":{"line":65,"column":2},"end":{"line":65,"column":34}},"49":{"start":{"line":66,"column":2},"end":{"line":66,"column":21}},"50":{"start":{"line":69,"column":20},"end":{"line":69,"column":64}},"51":{"start":{"line":69,"column":45},"end":{"line":69,"column":63}},"52":{"start":{"line":70,"column":2},"end":{"line":74,"column":3}},"53":{"start":{"line":71,"column":23},"end":{"line":71,"column":51}},"54":{"start":{"line":72,"column":4},"end":{"line":72,"column":29}},"55":{"start":{"line":73,"column":4},"end":{"line":73,"column":29}},"56":{"start":{"line":75,"column":2},"end":{"line":75,"column":14}},"57":{"start":{"line":78,"column":20},"end":{"line":78,"column":64}},"58":{"start":{"line":78,"column":45},"end":{"line":78,"column":63}},"59":{"start":{"line":79,"column":2},"end":{"line":83,"column":3}},"60":{"start":{"line":80,"column":23},"end":{"line":80,"column":51}},"61":{"start":{"line":81,"column":4},"end":{"line":81,"column":26}},"62":{"start":{"line":82,"column":4},"end":{"line":82,"column":29}},"63":{"start":{"line":84,"column":2},"end":{"line":84,"column":14}}},"fnMap":{"0":{"name":"saveToLocalStorage","decl":{"start":{"line":1,"column":16},"end":{"line":1,"column":34}},"loc":{"start":{"line":1,"column":41},"end":{"line":3,"column":1}},"line":1},"1":{"name":"renderList","decl":{"start":{"line":4,"column":16},"end":{"line":4,"column":26}},"loc":{"start":{"line":4,"column":85},"end":{"line":36,"column":1}},"line":4},"2":{"name":"(anonymous_2)","decl":{"start":{"line":6,"column":15},"end":{"line":6,"column":16}},"loc":{"start":{"line":6,"column":25},"end":{"line":35,"column":3}},"line":6},"3":{"name":"(anonymous_3)","decl":{"start":{"line":29,"column":48},"end":{"line":29,"column":49}},"loc":{"start":{"line":29,"column":54},"end":{"line":29,"column":80}},"line":29},"4":{"name":"addTask","decl":{"start":{"line":37,"column":16},"end":{"line":37,"column":23}},"loc":{"start":{"line":37,"column":43},"end":{"line":46,"column":1}},"line":37},"5":{"name":"deleteTask","decl":{"start":{"line":47,"column":16},"end":{"line":47,"column":26}},"loc":{"start":{"line":47,"column":41},"end":{"line":51,"column":1}},"line":47},"6":{"name":"(anonymous_6)","decl":{"start":{"line":48,"column":34},"end":{"line":48,"column":35}},"loc":{"start":{"line":48,"column":44},"end":{"line":48,"column":62}},"line":48},"7":{"name":"clearCompletedTasks","decl":{"start":{"line":52,"column":16},"end":{"line":52,"column":35}},"loc":{"start":{"line":52,"column":42},"end":{"line":56,"column":1}},"line":52},"8":{"name":"(anonymous_8)","decl":{"start":{"line":53,"column":34},"end":{"line":53,"column":35}},"loc":{"start":{"line":53,"column":44},"end":{"line":53,"column":59}},"line":53},"9":{"name":"updateTaskStatus","decl":{"start":{"line":57,"column":16},"end":{"line":57,"column":32}},"loc":{"start":{"line":57,"column":58},"end":{"line":61,"column":1}},"line":57},"10":{"name":"(anonymous_10)","decl":{"start":{"line":58,"column":31},"end":{"line":58,"column":32}},"loc":{"start":{"line":58,"column":42},"end":{"line":58,"column":92}},"line":58},"11":{"name":"updateTaskDescription","decl":{"start":{"line":62,"column":16},"end":{"line":62,"column":37}},"loc":{"start":{"line":62,"column":68},"end":{"line":67,"column":1}},"line":62},"12":{"name":"(anonymous_12)","decl":{"start":{"line":64,"column":31},"end":{"line":64,"column":32}},"loc":{"start":{"line":64,"column":42},"end":{"line":64,"column":110}},"line":64},"13":{"name":"moveTaskToTop","decl":{"start":{"line":68,"column":16},"end":{"line":68,"column":29}},"loc":{"start":{"line":68,"column":44},"end":{"line":76,"column":1}},"line":68},"14":{"name":"(anonymous_14)","decl":{"start":{"line":69,"column":35},"end":{"line":69,"column":36}},"loc":{"start":{"line":69,"column":45},"end":{"line":69,"column":63}},"line":69},"15":{"name":"moveTaskToBottom","decl":{"start":{"line":77,"column":16},"end":{"line":77,"column":32}},"loc":{"start":{"line":77,"column":47},"end":{"line":85,"column":1}},"line":77},"16":{"name":"(anonymous_16)","decl":{"start":{"line":78,"column":35},"end":{"line":78,"column":36}},"loc":{"start":{"line":78,"column":45},"end":{"line":78,"column":63}},"line":78}},"branchMap":{"0":{"loc":{"start":{"line":12,"column":4},"end":{"line":15,"column":5}},"type":"if","locations":[{"start":{"line":12,"column":4},"end":{"line":15,"column":5}},{"start":{},"end":{}}],"line":12},"1":{"loc":{"start":{"line":19,"column":4},"end":{"line":21,"column":5}},"type":"if","locations":[{"start":{"line":19,"column":4},"end":{"line":21,"column":5}},{"start":{},"end":{}}],"line":19},"2":{"loc":{"start":{"line":58,"column":42},"end":{"line":58,"column":92}},"type":"cond-expr","locations":[{"start":{"line":58,"column":63},"end":{"line":58,"column":85}},{"start":{"line":58,"column":88},"end":{"line":58,"column":92}}],"line":58},"3":{"loc":{"start":{"line":64,"column":42},"end":{"line":64,"column":110}},"type":"cond-expr","locations":[{"start":{"line":64,"column":63},"end":{"line":64,"column":103}},{"start":{"line":64,"column":106},"end":{"line":64,"column":110}}],"line":64},"4":{"loc":{"start":{"line":70,"column":2},"end":{"line":74,"column":3}},"type":"if","locations":[{"start":{"line":70,"column":2},"end":{"line":74,"column":3}},{"start":{},"end":{}}],"line":70},"5":{"loc":{"start":{"line":70,"column":6},"end":{"line":70,"column":41}},"type":"binary-expr","locations":[{"start":{"line":70,"column":6},"end":{"line":70,"column":22}},{"start":{"line":70,"column":26},"end":{"line":70,"column":41}}],"line":70},"6":{"loc":{"start":{"line":79,"column":2},"end":{"line":83,"column":3}},"type":"if","locations":[{"start":{"line":79,"column":2},"end":{"line":83,"column":3}},{"start":{},"end":{}}],"line":79},"7":{"loc":{"start":{"line":79,"column":6},"end":{"line":79,"column":55}},"type":"binary-expr","locations":[{"start":{"line":79,"column":6},"end":{"line":79,"column":22}},{"start":{"line":79,"column":26},"end":{"line":79,"column":55}}],"line":79}},"s":{"0":11,"1":0,"2":0,"3":0,"4":0,"5":0,"6":0,"7":0,"8":0,"9":0,"10":0,"11":0,"12":0,"13":0,"14":0,"15":0,"16":0,"17":0,"18":0,"19":0,"20":0,"21":0,"22":0,"23":0,"24":0,"25":0,"26":0,"27":0,"28":0,"29":0,"30":2,"31":2,"32":2,"33":2,"34":1,"35":2,"36":1,"37":1,"38":1,"39":2,"40":1,"41":1,"42":3,"43":6,"44":3,"45":3,"46":2,"47":4,"48":2,"49":2,"50":1,"51":2,"52":1,"53":1,"54":1,"55":1,"56":1,"57":1,"58":1,"59":1,"60":1,"61":1,"62":1,"63":1},"f":{"0":11,"1":0,"2":0,"3":0,"4":2,"5":1,"6":2,"7":1,"8":2,"9":3,"10":6,"11":2,"12":4,"13":1,"14":2,"15":1,"16":1},"b":{"0":[0,0],"1":[0,0],"2":[2,4],"3":[1,3],"4":[1,0],"5":[1,1],"6":[1,0],"7":[1,1]},"_coverageSchema":"1a1c01bbd47fc00a2c39e90264f33305004495a9","hash":"b587724fb64b9d3cc76fee80022ce865a5a17dc2"}
}
