TN:
SF:src\utils.js
FN:1,saveToLocalStorage
FN:4,renderList
FN:6,(anonymous_2)
FN:28,(anonymous_3)
FN:36,addTask
FN:46,deleteTask
FN:47,(anonymous_6)
FN:51,clearCompletedTasks
FN:52,(anonymous_8)
FN:56,updateTaskStatus
FN:57,(anonymous_10)
FN:65,updateTaskDescription
FN:66,(anonymous_12)
FN:74,moveTaskToTop
FN:75,(anonymous_14)
FN:83,moveTaskToBottom
FN:84,(anonymous_16)
FNF:17
FNH:14
FNDA:11,saveToLocalStorage
FNDA:0,renderList
FNDA:0,(anonymous_2)
FNDA:0,(anonymous_3)
FNDA:4,addTask
FNDA:1,deleteTask
FNDA:3,(anonymous_6)
FNDA:1,clearCompletedTasks
FNDA:3,(anonymous_8)
FNDA:2,updateTaskStatus
FNDA:6,(anonymous_10)
FNDA:1,updateTaskDescription
FNDA:3,(anonymous_12)
FNDA:1,moveTaskToTop
FNDA:2,(anonymous_14)
FNDA:1,moveTaskToBottom
FNDA:2,(anonymous_16)
DA:2,11
DA:5,0
DA:6,0
DA:7,0
DA:8,0
DA:9,0
DA:10,0
DA:11,0
DA:12,0
DA:13,0
DA:14,0
DA:16,0
DA:17,0
DA:18,0
DA:19,0
DA:20,0
DA:22,0
DA:23,0
DA:24,0
DA:25,0
DA:26,0
DA:27,0
DA:28,0
DA:29,0
DA:30,0
DA:31,0
DA:32,0
DA:33,0
DA:37,4
DA:43,4
DA:44,4
DA:47,3
DA:48,1
DA:49,1
DA:52,3
DA:53,1
DA:54,1
DA:57,2
DA:58,6
DA:59,2
DA:62,2
DA:63,2
DA:66,1
DA:67,3
DA:68,1
DA:71,1
DA:72,1
DA:75,2
DA:76,1
DA:77,1
DA:78,1
DA:79,1
DA:81,1
DA:84,2
DA:85,1
DA:86,1
DA:87,1
DA:88,1
DA:90,1
LF:59
LH:32
BRDA:12,0,0,0
BRDA:12,0,1,0
BRDA:19,1,0,0
BRDA:19,1,1,0
BRDA:58,2,0,2
BRDA:58,2,1,4
BRDA:67,3,0,1
BRDA:67,3,1,2
BRDA:76,4,0,1
BRDA:76,4,1,0
BRDA:76,5,0,1
BRDA:76,5,1,1
BRDA:85,6,0,1
BRDA:85,6,1,0
BRDA:85,7,0,1
BRDA:85,7,1,1
BRF:16
BRH:10
end_of_record
