TN:
SF:src\utils.js
FN:1,saveToLocalStorage
FN:5,renderList
FN:7,(anonymous_2)
FN:29,(anonymous_3)
FN:38,addTask
FN:49,deleteTask
FN:50,(anonymous_6)
FN:55,clearCompletedTasks
FN:56,(anonymous_8)
FN:61,updateTaskStatus
FN:62,(anonymous_10)
FN:71,updateTaskDescription
FN:72,(anonymous_12)
FN:80,moveTaskToTop
FN:81,(anonymous_14)
FN:90,moveTaskToBottom
FN:91,(anonymous_16)
FNF:17
FNH:7
FNDA:5,saveToLocalStorage
FNDA:0,renderList
FNDA:0,(anonymous_2)
FNDA:0,(anonymous_3)
FNDA:0,addTask
FNDA:0,deleteTask
FNDA:0,(anonymous_6)
FNDA:1,clearCompletedTasks
FNDA:3,(anonymous_8)
FNDA:3,updateTaskStatus
FNDA:9,(anonymous_10)
FNDA:2,updateTaskDescription
FNDA:5,(anonymous_12)
FNDA:0,moveTaskToTop
FNDA:0,(anonymous_14)
FNDA:0,moveTaskToBottom
FNDA:0,(anonymous_16)
DA:2,5
DA:6,0
DA:7,0
DA:8,0
DA:9,0
DA:10,0
DA:11,0
DA:12,0
DA:13,0
DA:14,0
DA:15,0
DA:17,0
DA:18,0
DA:19,0
DA:20,0
DA:21,0
DA:23,0
DA:24,0
DA:25,0
DA:26,0
DA:27,0
DA:28,0
DA:29,0
DA:30,0
DA:31,0
DA:32,0
DA:33,0
DA:34,0
DA:39,0
DA:45,0
DA:46,0
DA:50,0
DA:51,0
DA:52,0
DA:56,3
DA:57,1
DA:58,1
DA:62,3
DA:63,9
DA:64,2
DA:67,3
DA:68,3
DA:72,5
DA:73,2
DA:74,1
DA:75,1
DA:77,2
DA:81,0
DA:82,0
DA:83,0
DA:84,0
DA:85,0
DA:87,0
DA:91,0
DA:92,0
DA:93,0
DA:94,0
DA:95,0
DA:97,0
LF:59
LH:14
BRDA:13,0,0,0
BRDA:13,0,1,0
BRDA:20,1,0,0
BRDA:20,1,1,0
BRDA:63,2,0,2
BRDA:63,2,1,7
BRDA:73,3,0,1
BRDA:73,3,1,1
BRDA:82,4,0,0
BRDA:82,4,1,0
BRDA:82,5,0,0
BRDA:82,5,1,0
BRDA:92,6,0,0
BRDA:92,6,1,0
BRDA:92,7,0,0
BRDA:92,7,1,0
BRF:16
BRH:4
end_of_record
